<component name="libraryTable">
  <library name="junit-4.12">
    <CLASSES>
      <root url="jar://$APPLICATION_HOME_DIR$/lib/junit-4.12.jar!/" />
      <root url="jar://$APPLICATION_HOME_DIR$/lib/hamcrest-core-1.3.jar!/" />
      <root url="jar://$APPLICATION_HOME_DIR$/lib/javaluator-3.0.2.jar!/" />
      <root url="jar://$APPLICATION_HOME_DIR$/lib/commons-lang3-3.9.jar!/" />
    </CLASSES>
    <JAVADOC />
    <SOURCES />
  </library>
</component>